<?xml version="1.0" encoding="UTF-8"?>
<testng-results ignored="0" total="1" passed="1" failed="0" skipped="0">
  <reporter-output>
  </reporter-output>
  <suite started-at="2021-04-20T17:22:28 EDT" name="Default suite" finished-at="2021-04-20T17:22:50 EDT" duration-ms="22130">
    <groups>
    </groups>
    <test started-at="2021-04-20T17:22:28 EDT" name="Default test" finished-at="2021-04-20T17:22:50 EDT" duration-ms="22130">
      <class name="test.AddCustomerTest">
        <test-method signature="validateAddingCustomer()[pri:0, instance:test.AddCustomerTest@47a5b70d]" started-at="2021-04-20T17:22:28 EDT" name="validateAddingCustomer" finished-at="2021-04-20T17:22:50 EDT" duration-ms="22095" status="PASS">
          <reporter-output>
          </reporter-output>
        </test-method> <!-- validateAddingCustomer -->
      </class> <!-- test.AddCustomerTest -->
    </test> <!-- Default test -->
  </suite> <!-- Default suite -->
</testng-results>
